<?xml version="1.0" encoding="UTF-8"?>
<!-- Generated by org.testng.reporters.JUnitReportReporter -->
<testsuite skipped="0" hostname="DESKTOP-QCKI8B0" name="org.example.testRunner.runners" tests="1" failures="0" timestamp="2022-08-13T00:34:51 EET" time="15.912" errors="0">
  <testcase name="runScenario" time="15.912" classname="org.example.testRunner.runners"/>
  <system-out/>
</testsuite> <!-- org.example.testRunner.runners -->
